<?xml version="1.0" encoding="UTF-8"?>
<!-- Generated by org.testng.reporters.JUnitXMLReporter -->
<testsuite hostname="DESKTOP-JRIMQ69" ignored="0" name="Default test" tests="3" failures="0" timestamp="2022-05-02T14:25:25 CDT" time="8.259" errors="0">
  <testcase name="validateMonthDropDown" time="2.87" classname="test.ValidateMonthDropDownContainsAllMonths"/>
  <testcase name="createCategoryAndValidateDuplicateCategoryShouldNotBePermitted" time="2.75" classname="test.UserShouldNotBeAbleToAddDuplicateCategoryTest"/>
  <testcase name="addCategoryAndValidate" time="2.617" classname="test.AddCategoryAndValidateTest"/>
</testsuite> <!-- Default test -->
