<?xml version="1.0" encoding="UTF-8"?>
<!-- Generated by org.testng.reporters.JUnitXMLReporter -->
<testsuite hostname="DESKTOP-JRIMQ69" ignored="0" name="Default test" tests="3" failures="0" timestamp="2022-05-02T15:59:14 CDT" time="7.896" errors="0">
  <testcase name="validateMonthDropDown" time="1.515" classname="test.ValidateMonthDropDownContainsAllMonths"/>
  <testcase name="createCategoryAndValidateDuplicateCategoryShouldNotBePermitted" time="2.17" classname="test.UserShouldNotBeAbleToAddDuplicateCategoryTest"/>
  <testcase name="addCategoryAndValidate" time="2.0" classname="test.AddCategoryAndValidateTest"/>
</testsuite> <!-- Default test -->
