<?xml version="1.0" encoding="UTF-8"?>
<!-- Generated by org.testng.reporters.JUnitXMLReporter -->
<testsuite hostname="DESKTOP-JRIMQ69" ignored="0" name="Command line test" tests="2" failures="0" timestamp="02 May 2022 21:15:25 GMT" time="5.043" errors="0">
  <testcase name="addCategoryAndValidate" time="2.849" classname="test.AddCategoryAndValidateTest"/>
  <testcase name="createCategoryAndValidateDuplicateCategoryShouldNotBePermitted" time="2.18" classname="test.UserShouldNotBeAbleToAddDuplicateCategoryTest"/>
</testsuite> <!-- Command line test -->
