<?xml version="1.0" encoding="UTF-8"?>
<testng-results skipped="0" failed="0" ignored="0" total="2" passed="2">
  <reporter-output>
  </reporter-output>
  <suite name="Command line suite" duration-ms="5137" started-at="2022-05-02T21:37:10Z" finished-at="2022-05-02T21:37:15Z">
    <groups>
    </groups>
    <test name="Command line test" duration-ms="5137" started-at="2022-05-02T21:37:10Z" finished-at="2022-05-02T21:37:15Z">
      <class name="test.UserShouldNotBeAbleToAddDuplicateCategoryTest">
        <test-method status="PASS" signature="createCategoryAndValidateDuplicateCategoryShouldNotBePermitted()[pri:0, instance:test.UserShouldNotBeAbleToAddDuplicateCategoryTest@69d9c55]" name="createCategoryAndValidateDuplicateCategoryShouldNotBePermitted" duration-ms="2238" started-at="2022-05-02T21:37:13Z" finished-at="2022-05-02T21:37:15Z">
          <reporter-output>
          </reporter-output>
        </test-method> <!-- createCategoryAndValidateDuplicateCategoryShouldNotBePermitted -->
      </class> <!-- test.UserShouldNotBeAbleToAddDuplicateCategoryTest -->
      <class name="test.AddCategoryAndValidateTest">
        <test-method status="PASS" signature="addCategoryAndValidate()[pri:0, instance:test.AddCategoryAndValidateTest@7f560810]" name="addCategoryAndValidate" duration-ms="2887" started-at="2022-05-02T21:37:10Z" finished-at="2022-05-02T21:37:13Z">
          <reporter-output>
          </reporter-output>
        </test-method> <!-- addCategoryAndValidate -->
      </class> <!-- test.AddCategoryAndValidateTest -->
    </test> <!-- Command line test -->
  </suite> <!-- Command line suite -->
</testng-results>
